c:\users\ericc\documents\visual studio 2015\projects\engine\engine\x64\debug\vc140.pdb
c:\users\ericc\documents\visual studio 2015\projects\engine\engine\x64\debug\vc140.idb
c:\users\ericc\documents\visual studio 2015\projects\engine\engine\x64\debug\main.obj
c:\users\ericc\documents\visual studio 2015\projects\engine\engine\x64\debug\text.obj
c:\users\ericc\documents\visual studio 2015\projects\engine\engine\x64\debug\wic.obj
c:\users\ericc\documents\visual studio 2015\projects\engine\x64\debug\pixelshader.cso
c:\users\ericc\documents\visual studio 2015\projects\engine\x64\debug\textpixelshader.cso
c:\users\ericc\documents\visual studio 2015\projects\engine\x64\debug\textvertexshader.cso
c:\users\ericc\documents\visual studio 2015\projects\engine\x64\debug\vertexshader.cso
c:\users\ericc\documents\visual studio 2015\projects\engine\x64\debug\engine.exe
c:\users\ericc\documents\visual studio 2015\projects\engine\x64\debug\engine.pdb
c:\users\ericc\documents\visual studio 2015\projects\engine\engine\x64\debug\engine.tlog\cl.command.1.tlog
c:\users\ericc\documents\visual studio 2015\projects\engine\engine\x64\debug\engine.tlog\cl.read.1.tlog
c:\users\ericc\documents\visual studio 2015\projects\engine\engine\x64\debug\engine.tlog\cl.write.1.tlog
c:\users\ericc\documents\visual studio 2015\projects\engine\engine\x64\debug\engine.tlog\engine.write.1u.tlog
c:\users\ericc\documents\visual studio 2015\projects\engine\engine\x64\debug\engine.tlog\fxc.command.1.tlog
c:\users\ericc\documents\visual studio 2015\projects\engine\engine\x64\debug\engine.tlog\fxc.read.1.tlog
c:\users\ericc\documents\visual studio 2015\projects\engine\engine\x64\debug\engine.tlog\fxc.write.1.tlog
c:\users\ericc\documents\visual studio 2015\projects\engine\engine\x64\debug\engine.tlog\link.command.1.tlog
c:\users\ericc\documents\visual studio 2015\projects\engine\engine\x64\debug\engine.tlog\link.read.1.tlog
c:\users\ericc\documents\visual studio 2015\projects\engine\engine\x64\debug\engine.tlog\link.write.1.tlog
